<?xml version="1.0" encoding="UTF-8"?>
<testsuite xmlns:xsi="http://www.w3.org/2001/XMLSchema-instance" xsi:noNamespaceSchemaLocation="https://maven.apache.org/surefire/maven-surefire-plugin/xsd/surefire-test-report-3.0.xsd" version="3.0" name="TestRunnerFiles.TestRunner1" time="0.583" tests="10" errors="0" skipped="8" failures="0">
  <properties>
[...]
</properties>
  <testcase name="Given select radio buttons" classname="Scenario: select the radio button" time="0">
    <skipped/>
  </testcase>
  <testcase name="When we click on &quot;radio2&quot;" classname="Scenario: select the radio button" time="0">
    <skipped/>
  </testcase>
  <testcase name="Then radio button is selected" classname="Scenario: select the radio button" time="0">
    <skipped/>
  </testcase>
  <testcase name="" classname="Scenario: select the radio button" time="0">
    <skipped/>
  </testcase>
  <testcase name="" classname="Scenario: select the radio button" time="0.004"/>
  <testcase name="Given select textbox enter &quot;India&quot;" classname="Scenario: select country" time="0">
    <skipped/>
  </testcase>
  <testcase name="When click on &quot;India&quot;" classname="Scenario: select country" time="0">
    <skipped/>
  </testcase>
  <testcase name="Then &quot;India&quot; is shown on textbox" classname="Scenario: select country" time="0">
    <skipped/>
  </testcase>
  <testcase name="" classname="Scenario: select country" time="0">
    <skipped/>
  </testcase>
  <testcase name="" classname="Scenario: select country" time="0.001"/>
</testsuite>